2018-04-23 23:49:20 root  application starts

2018-04-23 23:49:47 FSVR  initialization is ready
2018-04-23 23:49:47 FSVR  data is streaming...
2018-04-23 23:49:48 IQR   initialization is ready
2018-04-23 23:49:50 YUN   Arduino is triggered
2018-04-23 23:49:50 IQR   recording file 1 '20180423_234950'
2018-04-23 23:49:53 IQR   file 1 '20180423_234950' is recorded
2018-04-23 23:49:59 IQR   file 1 '20180423_234950' is exported
2018-04-23 23:49:59 root  preparing time: 0.27 s
                          recording time: 2.27 s
                          exporting time: 5.13 s

2018-04-23 23:50:01 IQR   initialization is ready
2018-04-23 23:50:05 YUN   Arduino is triggered
2018-04-23 23:50:05 IQR   recording file 2 '20180423_235005'
2018-04-23 23:50:08 IQR   file 2 '20180423_235005' is recorded
2018-04-23 23:50:14 IQR   file 2 '20180423_235005' is exported
2018-04-23 23:50:14 root  preparing time: 0.19 s
                          recording time: 2.37 s
                          exporting time: 5.03 s

2018-04-23 23:50:16 IQR   initialization is ready
2018-04-23 23:50:20 YUN   Arduino is triggered
2018-04-23 23:50:20 IQR   recording file 3 '20180423_235020'
2018-04-23 23:50:23 IQR   file 3 '20180423_235020' is recorded
2018-04-23 23:50:29 IQR   file 3 '20180423_235020' is exported
2018-04-23 23:50:29 root  preparing time: 0.17 s
                          recording time: 2.38 s
                          exporting time: 5.03 s

2018-04-23 23:50:29 root  total preparing time: 0.63 s
                          total recording time: 7.02 s
                          total exporting time: 15.19 s


2018-04-23 23:50:36 FSVR  initialization is ready
2018-04-23 23:50:36 FSVR  data is streaming...
2018-04-23 23:50:37 IQR   initialization is ready
2018-04-23 23:50:37 root  manual triggered
2018-04-23 23:50:39 IQR   recording file 4 '20180423_235039'
2018-04-23 23:50:42 IQR   file 4 '20180423_235039' is recorded
2018-04-23 23:50:48 IQR   file 4 '20180423_235039' is exported
2018-04-23 23:50:48 root  preparing time: 0.22 s
                          recording time: 2.33 s
                          exporting time: 5.20 s

2018-04-23 23:50:50 IQR   initialization is ready
2018-04-23 23:50:50 root  manual triggered
2018-04-23 23:50:52 IQR   recording file 5 '20180423_235052'
2018-04-23 23:50:54 IQR   file 5 '20180423_235052' is recorded
2018-04-23 23:51:01 IQR   file 5 '20180423_235052' is exported
2018-04-23 23:51:01 root  preparing time: 0.14 s
                          recording time: 2.45 s
                          exporting time: 5.08 s

2018-04-23 23:51:03 IQR   initialization is ready
2018-04-23 23:51:03 root  manual triggered
2018-04-23 23:51:05 IQR   recording file 6 '20180423_235105'
2018-04-23 23:51:07 IQR   file 6 '20180423_235105' is recorded
2018-04-23 23:51:13 IQR   file 6 '20180423_235105' is exported
2018-04-23 23:51:13 root  preparing time: 0.26 s
                          recording time: 2.28 s
                          exporting time: 5.15 s

2018-04-23 23:51:15 IQR   initialization is ready
2018-04-23 23:51:15 root  manual triggered
2018-04-23 23:51:18 IQR   recording file 7 '20180423_235117'
2018-04-23 23:51:20 IQR   file 7 '20180423_235117' is recorded
2018-04-23 23:51:26 IQR   file 7 '20180423_235117' is exported
2018-04-23 23:51:26 root  preparing time: 0.20 s
                          recording time: 2.34 s
                          exporting time: 5.11 s

2018-04-23 23:51:26 root  total preparing time: 0.82 s
                          total recording time: 9.41 s
                          total exporting time: 20.54 s


2018-04-23 23:51:53 FSVR  initialization is ready
2018-04-23 23:51:53 FSVR  data is streaming...
2018-04-23 23:51:54 IQR   initialization is ready
2018-04-23 23:52:00 YUN   Arduino is triggered
2018-04-23 23:52:00 IQR   recording file 8 '20180423_235200'
2018-04-23 23:52:03 IQR   file 8 '20180423_235200' is recorded
2018-04-23 23:52:09 IQR   file 8 '20180423_235200' is exported
2018-04-23 23:52:09 root  preparing time: 0.14 s
                          recording time: 2.42 s
                          exporting time: 5.11 s

2018-04-23 23:52:11 IQR   initialization is ready
2018-04-23 23:52:15 YUN   Arduino is triggered
2018-04-23 23:52:15 IQR   recording file 9 '20180423_235215'
2018-04-23 23:52:18 IQR   file 9 '20180423_235215' is recorded
2018-04-23 23:52:24 IQR   file 9 '20180423_235215' is exported
2018-04-23 23:52:24 root  preparing time: 0.12 s
                          recording time: 2.42 s
                          exporting time: 5.11 s

2018-04-23 23:52:26 IQR   initialization is ready
2018-04-23 23:52:30 YUN   Arduino is triggered
2018-04-23 23:52:30 IQR   recording file 10 '20180423_235230'
2018-04-23 23:52:33 IQR   file 10 '20180423_235230' is recorded
2018-04-23 23:52:39 IQR   file 10 '20180423_235230' is exported
2018-04-23 23:52:39 root  preparing time: 0.22 s
                          recording time: 2.33 s
                          exporting time: 5.29 s

2018-04-23 23:52:39 root  total preparing time: 0.47 s
                          total recording time: 7.18 s
                          total exporting time: 15.51 s


2018-04-23 23:52:47 root  application stops



2018-04-23 23:52:52 root  application starts

2018-04-23 23:53:10 root  application force stop



2018-04-23 23:53:14 root  application starts

2018-04-23 23:53:55 FSVR  initialization is ready
2018-04-23 23:53:55 FSVR  data is streaming...
2018-04-23 23:53:56 IQR   initialization is ready
2018-04-23 23:54:00 YUN   Arduino is triggered
2018-04-23 23:54:00 IQR   recording file 1 '20180423_235400'
2018-04-23 23:54:03 IQR   file 1 '20180423_235400' is recorded
2018-04-23 23:54:09 IQR   file 1 '20180423_235400' is exported
2018-04-23 23:54:09 root  preparing time: 0.12 s
                          recording time: 2.42 s
                          exporting time: 5.10 s

2018-04-23 23:54:11 IQR   initialization is ready
2018-04-23 23:54:15 YUN   Arduino is triggered
2018-04-23 23:54:15 IQR   recording file 2 '20180423_235415'
2018-04-23 23:54:18 IQR   file 2 '20180423_235415' is recorded
2018-04-23 23:54:24 IQR   file 2 '20180423_235415' is exported
2018-04-23 23:54:24 root  preparing time: 0.21 s
                          recording time: 2.33 s
                          exporting time: 5.11 s

2018-04-23 23:54:26 IQR   initialization is ready
2018-04-23 23:54:30 YUN   Arduino is triggered
2018-04-23 23:54:30 IQR   recording file 3 '20180423_235430'
2018-04-23 23:54:33 IQR   file 3 '20180423_235430' is recorded
2018-04-23 23:54:39 IQR   file 3 '20180423_235430' is exported
2018-04-23 23:54:39 root  preparing time: 0.20 s
                          recording time: 2.34 s
                          exporting time: 5.16 s

2018-04-23 23:54:41 IQR   initialization is ready
2018-04-23 23:54:45 YUN   Arduino is triggered
2018-04-23 23:54:45 IQR   recording file 4 '20180423_235445'
2018-04-23 23:54:48 IQR   file 4 '20180423_235445' is recorded
2018-04-23 23:54:54 IQR   file 4 '20180423_235445' is exported
2018-04-23 23:54:54 root  preparing time: 0.19 s
                          recording time: 2.36 s
                          exporting time: 5.06 s

2018-04-23 23:54:54 root  total preparing time: 0.72 s
                          total recording time: 9.46 s
                          total exporting time: 20.44 s


2018-04-23 23:54:54 root  application stops



